Determining if the pthread_create exist failed with the following output:
Change Dir: /home/shawn/1_catkin_files/ipal_files/23_moveit_example_4/build/CMakeFiles/CMakeTmp

Run Build Command:/usr/bin/make "cmTryCompileExec1698430168/fast"
/usr/bin/make -f CMakeFiles/cmTryCompileExec1698430168.dir/build.make CMakeFiles/cmTryCompileExec1698430168.dir/build
make[1]: Entering directory `/home/shawn/1_catkin_files/ipal_files/23_moveit_example_4/build/CMakeFiles/CMakeTmp'
/usr/bin/cmake -E cmake_progress_report /home/shawn/1_catkin_files/ipal_files/23_moveit_example_4/build/CMakeFiles/CMakeTmp/CMakeFiles 1
Building C object CMakeFiles/cmTryCompileExec1698430168.dir/CheckSymbolExists.c.o
/usr/bin/cc    -o CMakeFiles/cmTryCompileExec1698430168.dir/CheckSymbolExists.c.o   -c /home/shawn/1_catkin_files/ipal_files/23_moveit_example_4/build/CMakeFiles/CMakeTmp/CheckSymbolExists.c
Linking C executable cmTryCompileExec1698430168
/usr/bin/cmake -E cmake_link_script CMakeFiles/cmTryCompileExec1698430168.dir/link.txt --verbose=1
/usr/bin/cc       CMakeFiles/cmTryCompileExec1698430168.dir/CheckSymbolExists.c.o  -o cmTryCompileExec1698430168 -rdynamic 
CMakeFiles/cmTryCompileExec1698430168.dir/CheckSymbolExists.c.o: In function `main':
CheckSymbolExists.c:(.text+0x16): undefined reference to `pthread_create'
collect2: error: ld returned 1 exit status
make[1]: Leaving directory `/home/shawn/1_catkin_files/ipal_files/23_moveit_example_4/build/CMakeFiles/CMakeTmp'
make[1]: *** [cmTryCompileExec1698430168] Error 1
make: *** [cmTryCompileExec1698430168/fast] Error 2

File /home/shawn/1_catkin_files/ipal_files/23_moveit_example_4/build/CMakeFiles/CMakeTmp/CheckSymbolExists.c:
/* */
#include <pthread.h>

int main(int argc, char** argv)
{
  (void)argv;
#ifndef pthread_create
  return ((int*)(&pthread_create))[argc];
#else
  (void)argc;
  return 0;
#endif
}

Determining if the function pthread_create exists in the pthreads failed with the following output:
Change Dir: /home/shawn/1_catkin_files/ipal_files/23_moveit_example_4/build/CMakeFiles/CMakeTmp

Run Build Command:/usr/bin/make "cmTryCompileExec1331112165/fast"
/usr/bin/make -f CMakeFiles/cmTryCompileExec1331112165.dir/build.make CMakeFiles/cmTryCompileExec1331112165.dir/build
make[1]: Entering directory `/home/shawn/1_catkin_files/ipal_files/23_moveit_example_4/build/CMakeFiles/CMakeTmp'
/usr/bin/cmake -E cmake_progress_report /home/shawn/1_catkin_files/ipal_files/23_moveit_example_4/build/CMakeFiles/CMakeTmp/CMakeFiles 1
Building C object CMakeFiles/cmTryCompileExec1331112165.dir/CheckFunctionExists.c.o
/usr/bin/cc   -DCHECK_FUNCTION_EXISTS=pthread_create   -o CMakeFiles/cmTryCompileExec1331112165.dir/CheckFunctionExists.c.o   -c /usr/share/cmake-2.8/Modules/CheckFunctionExists.c
Linking C executable cmTryCompileExec1331112165
/usr/bin/cmake -E cmake_link_script CMakeFiles/cmTryCompileExec1331112165.dir/link.txt --verbose=1
/usr/bin/cc   -DCHECK_FUNCTION_EXISTS=pthread_create    CMakeFiles/cmTryCompileExec1331112165.dir/CheckFunctionExists.c.o  -o cmTryCompileExec1331112165 -rdynamic -lpthreads 
/usr/bin/ld: cannot find -lpthreads
collect2: error: ld returned 1 exit status
make[1]: Leaving directory `/home/shawn/1_catkin_files/ipal_files/23_moveit_example_4/build/CMakeFiles/CMakeTmp'
make[1]: *** [cmTryCompileExec1331112165] Error 1
make: *** [cmTryCompileExec1331112165/fast] Error 2


